<?xml version="1.0" encoding="UTF-8"?>
<!-- Generated by org.testng.reporters.JUnitXMLReporter -->
<testsuite ignored="24" hostname="DESKTOP-R51P3IL" failures="1" tests="13" name="Surefire test" time="101.242" errors="0" timestamp="2024-05-02T16:02:03 COT">
  <testcase classname="automation.SauceDemoTests" name="aboutLinkTest" time="4.608"/>
  <testcase classname="automation.SauceDemoTests" name="deleteCookiesTest" time="2.86"/>
  <testcase classname="automation.SauceDemoTests" name="facebookLinkTest" time="4.211"/>
  <testcase classname="automation.SauceDemoTests" name="getCookieTest" time="3.267"/>
  <testcase classname="automation.SauceDemoTests" name="invalidUserTest" time="2.431"/>
  <testcase classname="automation.SauceDemoTests" name="itemDetailTest" time="3.544"/>
  <testcase classname="automation.SauceDemoTests" name="linkedinLinkTest" time="3.244"/>
  <testcase classname="automation.SauceDemoTests" name="logoutTest" time="8.452">
    <failure type="org.openqa.selenium.TimeoutException" message="Expected condition failed: waiting for visibility of element located by By.className: inventory_list (tried for 5 second(s) with 500 milliseconds interval)
Build info: version: &amp;apos;4.20.0&amp;apos;, revision: &amp;apos;866c76ca80&amp;apos;
System info: os.name: &amp;apos;Windows 10&amp;apos;, os.arch: &amp;apos;amd64&amp;apos;, os.version: &amp;apos;10.0&amp;apos;, java.version: &amp;apos;18.0.1.1&amp;apos;
Driver info: org.openqa.selenium.chrome.ChromeDriver
Capabilities {acceptInsecureCerts: false, browserName: chrome, browserVersion: 121.0.6167.161, chrome: {chromedriverVersion: 121.0.6167.184 (057a8ae7deb..., userDataDir: C:\Users\SuperUs\AppData\Lo...}, fedcm:accounts: true, goog:chromeOptions: {debuggerAddress: localhost:60323}, networkConnectionEnabled: false, pageLoadStrategy: normal, platformName: windows, proxy: Proxy(), se:cdp: ws://localhost:60323/devtoo..., se:cdpVersion: 121.0.6167.161, setWindowRect: true, strictFileInteractability: false, timeouts: {implicit: 0, pageLoad: 300000, script: 30000}, unhandledPromptBehavior: dismiss and notify, webauthn:extension:credBlob: true, webauthn:extension:largeBlob: true, webauthn:extension:minPinLength: true, webauthn:extension:prf: true, webauthn:virtualAuthenticators: true}
Session ID: e3feea8a02568f156d1e377ad36663cf">
      <![CDATA[org.openqa.selenium.TimeoutException: Expected condition failed: waiting for visibility of element located by By.className: inventory_list (tried for 5 second(s) with 500 milliseconds interval)
Build info: version: '4.20.0', revision: '866c76ca80'
System info: os.name: 'Windows 10', os.arch: 'amd64', os.version: '10.0', java.version: '18.0.1.1'
Driver info: org.openqa.selenium.chrome.ChromeDriver
Capabilities {acceptInsecureCerts: false, browserName: chrome, browserVersion: 121.0.6167.161, chrome: {chromedriverVersion: 121.0.6167.184 (057a8ae7deb..., userDataDir: C:\Users\SuperUs\AppData\Lo...}, fedcm:accounts: true, goog:chromeOptions: {debuggerAddress: localhost:60323}, networkConnectionEnabled: false, pageLoadStrategy: normal, platformName: windows, proxy: Proxy(), se:cdp: ws://localhost:60323/devtoo..., se:cdpVersion: 121.0.6167.161, setWindowRect: true, strictFileInteractability: false, timeouts: {implicit: 0, pageLoad: 300000, script: 30000}, unhandledPromptBehavior: dismiss and notify, webauthn:extension:credBlob: true, webauthn:extension:largeBlob: true, webauthn:extension:minPinLength: true, webauthn:extension:prf: true, webauthn:virtualAuthenticators: true}
Session ID: e3feea8a02568f156d1e377ad36663cf
at org.openqa.selenium.support.ui.WebDriverWait.timeoutException(WebDriverWait.java:84)
at org.openqa.selenium.support.ui.FluentWait.until(FluentWait.java:228)
at automation.SauceDemoTests.logoutTest(SauceDemoTests.java:309)
at java.base/java.util.ArrayList.forEach(ArrayList.java:1511)
... Removed 30 stack frames]]>
    </failure>
  </testcase> <!-- logoutTest -->
  <testcase classname="automation.SauceDemoTests" name="relativeLocatorAddToCardTest" time="2.936"/>
  <testcase classname="automation.SauceDemoTests" name="relativeLocatorPriceTest" time="2.66"/>
  <testcase classname="automation.SauceDemoTests" name="selectDescendingTest" time="2.95"/>
  <testcase classname="automation.SauceDemoTests" name="selectPriceTest" time="2.894"/>
  <testcase classname="automation.SauceDemoTests" name="validUserTest" time="2.794"/>
  <testcase classname="automation.NavigationTests" name="secondTest" time="0.0">
    <ignored/>
  </testcase> <!-- secondTest -->
  <testcase classname="principal.JsonUserTests" name="fourthTest" time="0.0">
    <ignored/>
  </testcase> <!-- fourthTest -->
  <testcase classname="automation.DemoQATests" name="keyboardNameTest" time="0.0">
    <ignored/>
  </testcase> <!-- keyboardNameTest -->
  <testcase classname="automation.NavigationTests" name="alwaysFailTest" time="0.0">
    <ignored/>
  </testcase> <!-- alwaysFailTest -->
  <testcase classname="principal.ExcelMonsterTests" name="secondTest" time="0.0">
    <ignored/>
  </testcase> <!-- secondTest -->
  <testcase classname="principal.JsonUserTests" name="thirdTest" time="0.0">
    <ignored/>
  </testcase> <!-- thirdTest -->
  <testcase classname="automation.NavigationTests" name="firstTest" time="0.0">
    <ignored/>
  </testcase> <!-- firstTest -->
  <testcase classname="principal.ExcelMonsterTests" name="fifthTest" time="0.0">
    <ignored/>
  </testcase> <!-- fifthTest -->
  <testcase classname="automation.SeleniumDevTests" name="scrollToFrameTest" time="0.0">
    <ignored/>
  </testcase> <!-- scrollToFrameTest -->
  <testcase classname="automation.TutorialsPointTests" name="windowTest" time="0.0">
    <ignored/>
  </testcase> <!-- windowTest -->
  <testcase classname="automation.BooksPwakitTests" name="shadowDomTest" time="0.0">
    <ignored/>
  </testcase> <!-- shadowDomTest -->
  <testcase classname="automation.BooksPwakitTests" name="shadowDomSearchTextTest" time="0.0">
    <ignored/>
  </testcase> <!-- shadowDomSearchTextTest -->
  <testcase classname="principal.JsonUserTests" name="secondTest" time="0.0">
    <ignored/>
  </testcase> <!-- secondTest -->
  <testcase classname="automation.DemoQATests" name="hoverTest" time="0.0">
    <ignored/>
  </testcase> <!-- hoverTest -->
  <testcase classname="automation.TutorialsPointTests" name="tabTest" time="0.0">
    <ignored/>
  </testcase> <!-- tabTest -->
  <testcase classname="automation.TestPagesTests" name="uploadFileTest" time="0.0">
    <ignored/>
  </testcase> <!-- uploadFileTest -->
  <testcase classname="principal.ExcelMonsterTests" name="thirdTest" time="0.0">
    <ignored/>
  </testcase> <!-- thirdTest -->
  <testcase classname="principal.ExcelMonsterTests" name="fourthTest" time="0.0">
    <ignored/>
  </testcase> <!-- fourthTest -->
  <testcase classname="automation.DemoQATests" name="dragAndDropTest" time="0.0">
    <ignored/>
  </testcase> <!-- dragAndDropTest -->
  <testcase classname="principal.JsonUserTests" name="firstTest" time="0.0">
    <ignored/>
  </testcase> <!-- firstTest -->
  <testcase classname="principal.ExcelMonsterTests" name="firstTest" time="0.0">
    <ignored/>
  </testcase> <!-- firstTest -->
  <testcase classname="automation.SeleniumDevTests" name="randomScrollTest" time="0.0">
    <ignored/>
  </testcase> <!-- randomScrollTest -->
  <testcase classname="automation.DemoQATests" name="keyboardAddressTest" time="0.0">
    <ignored/>
  </testcase> <!-- keyboardAddressTest -->
  <testcase classname="automation.TutorialsPointTests" name="iframeTest" time="0.0">
    <ignored/>
  </testcase> <!-- iframeTest -->
</testsuite> <!-- Surefire test -->
