<?xml version="1.0" encoding="UTF-8"?>
<!-- Generated by org.testng.reporters.JUnitXMLReporter -->
<testsuite ignored="12" hostname="DESKTOP-R51P3IL" failures="0" tests="9" name="Surefire test" time="65.156" errors="0" timestamp="2024-04-28T20:20:30 COT">
  <testcase classname="automation.SauceDemoTests" name="aboutLinkTest" time="3.984"/>
  <testcase classname="automation.SauceDemoTests" name="facebookLinkTest" time="2.874"/>
  <testcase classname="automation.SauceDemoTests" name="invalidUserTest" time="2.322"/>
  <testcase classname="automation.SauceDemoTests" name="itemDetailTest" time="3.354"/>
  <testcase classname="automation.SauceDemoTests" name="linkedinLinkTest" time="2.834"/>
  <testcase classname="automation.SauceDemoTests" name="logoutTest" time="2.838"/>
  <testcase classname="automation.SauceDemoTests" name="selectDescendingTest" time="2.972"/>
  <testcase classname="automation.SauceDemoTests" name="selectPriceTest" time="3.145"/>
  <testcase classname="automation.SauceDemoTests" name="validUserTest" time="2.331"/>
  <testcase classname="automation.NavigationTests" name="alwaysFailTest" time="0.0">
    <ignored/>
  </testcase> <!-- alwaysFailTest -->
  <testcase classname="principal.JsonUserTests" name="thirdTest" time="0.0">
    <ignored/>
  </testcase> <!-- thirdTest -->
  <testcase classname="principal.ExcelMonsterTests" name="fifthTest" time="0.0">
    <ignored/>
  </testcase> <!-- fifthTest -->
  <testcase classname="principal.ExcelMonsterTests" name="firstTest" time="0.0">
    <ignored/>
  </testcase> <!-- firstTest -->
  <testcase classname="automation.NavigationTests" name="secondTest" time="0.0">
    <ignored/>
  </testcase> <!-- secondTest -->
  <testcase classname="principal.JsonUserTests" name="firstTest" time="0.0">
    <ignored/>
  </testcase> <!-- firstTest -->
  <testcase classname="principal.ExcelMonsterTests" name="thirdTest" time="0.0">
    <ignored/>
  </testcase> <!-- thirdTest -->
  <testcase classname="principal.ExcelMonsterTests" name="secondTest" time="0.0">
    <ignored/>
  </testcase> <!-- secondTest -->
  <testcase classname="principal.ExcelMonsterTests" name="fourthTest" time="0.0">
    <ignored/>
  </testcase> <!-- fourthTest -->
  <testcase classname="automation.NavigationTests" name="firstTest" time="0.0">
    <ignored/>
  </testcase> <!-- firstTest -->
  <testcase classname="principal.JsonUserTests" name="secondTest" time="0.0">
    <ignored/>
  </testcase> <!-- secondTest -->
  <testcase classname="principal.JsonUserTests" name="fourthTest" time="0.0">
    <ignored/>
  </testcase> <!-- fourthTest -->
</testsuite> <!-- Surefire test -->
