-------------------------------------------------------------------------------
Test set: TestSuite
-------------------------------------------------------------------------------
Tests run: 3, Failures: 1, Errors: 0, Skipped: 0, Time elapsed: 43.48 s <<< FAILURE! - in TestSuite
automation.NavigationTests.alwaysFailTest  Time elapsed: 5.034 s  <<< FAILURE!
java.lang.AssertionError: expected [Hello world] but found [https://the-internet.herokuapp.com/]
	at automation.NavigationTests.alwaysFailTest(NavigationTests.java:56)

