<?xml version="1.0" encoding="UTF-8"?>
<testng-results ignored="0" total="9" passed="9" failed="0" skipped="0">
  <reporter-output>
  </reporter-output>
  <suite started-at="2024-04-28T20:19:25 COT" name="Surefire suite" finished-at="2024-04-28T20:20:30 COT" duration-ms="65156">
    <groups>
      <group name="sauce-demo-automation">
        <method signature="SauceDemoTests.aboutLinkTest()[pri:0, instance:automation.SauceDemoTests@6de30571]" name="aboutLinkTest" class="automation.SauceDemoTests"/>
        <method signature="SauceDemoTests.facebookLinkTest()[pri:0, instance:automation.SauceDemoTests@6de30571]" name="facebookLinkTest" class="automation.SauceDemoTests"/>
        <method signature="SauceDemoTests.invalidUserTest()[pri:0, instance:automation.SauceDemoTests@6de30571]" name="invalidUserTest" class="automation.SauceDemoTests"/>
        <method signature="SauceDemoTests.itemDetailTest()[pri:0, instance:automation.SauceDemoTests@6de30571]" name="itemDetailTest" class="automation.SauceDemoTests"/>
        <method signature="SauceDemoTests.linkedinLinkTest()[pri:0, instance:automation.SauceDemoTests@6de30571]" name="linkedinLinkTest" class="automation.SauceDemoTests"/>
        <method signature="SauceDemoTests.logoutTest()[pri:0, instance:automation.SauceDemoTests@6de30571]" name="logoutTest" class="automation.SauceDemoTests"/>
        <method signature="SauceDemoTests.selectDescendingTest()[pri:0, instance:automation.SauceDemoTests@6de30571]" name="selectDescendingTest" class="automation.SauceDemoTests"/>
        <method signature="SauceDemoTests.selectPriceTest()[pri:0, instance:automation.SauceDemoTests@6de30571]" name="selectPriceTest" class="automation.SauceDemoTests"/>
        <method signature="SauceDemoTests.validUserTest()[pri:0, instance:automation.SauceDemoTests@6de30571]" name="validUserTest" class="automation.SauceDemoTests"/>
      </group> <!-- sauce-demo-automation -->
    </groups>
    <test started-at="2024-04-28T20:19:25 COT" name="Surefire test" finished-at="2024-04-28T20:20:30 COT" duration-ms="65156">
      <class name="automation.SauceDemoTests">
        <test-method is-config="true" signature="masterSetUp()[pri:0, instance:automation.SauceDemoTests@6de30571]" started-at="2024-04-28T20:19:25 COT" name="masterSetUp" finished-at="2024-04-28T20:19:34 COT" duration-ms="9146" status="PASS">
          <reporter-output>
          </reporter-output>
        </test-method> <!-- masterSetUp -->
        <test-method signature="aboutLinkTest()[pri:0, instance:automation.SauceDemoTests@6de30571]" started-at="2024-04-28T20:19:35 COT" name="aboutLinkTest" finished-at="2024-04-28T20:19:39 COT" duration-ms="3984" status="PASS">
          <reporter-output>
          </reporter-output>
        </test-method> <!-- aboutLinkTest -->
        <test-method is-config="true" signature="masterTearDown()[pri:0, instance:automation.SauceDemoTests@6de30571]" started-at="2024-04-28T20:19:39 COT" name="masterTearDown" finished-at="2024-04-28T20:19:40 COT" duration-ms="1480" status="PASS">
          <reporter-output>
          </reporter-output>
        </test-method> <!-- masterTearDown -->
        <test-method is-config="true" signature="masterSetUp()[pri:0, instance:automation.SauceDemoTests@6de30571]" started-at="2024-04-28T20:19:40 COT" name="masterSetUp" finished-at="2024-04-28T20:19:43 COT" duration-ms="3141" status="PASS">
          <reporter-output>
          </reporter-output>
        </test-method> <!-- masterSetUp -->
        <test-method signature="facebookLinkTest()[pri:0, instance:automation.SauceDemoTests@6de30571]" started-at="2024-04-28T20:19:43 COT" name="facebookLinkTest" finished-at="2024-04-28T20:19:46 COT" duration-ms="2874" status="PASS">
          <reporter-output>
          </reporter-output>
        </test-method> <!-- facebookLinkTest -->
        <test-method is-config="true" signature="masterTearDown()[pri:0, instance:automation.SauceDemoTests@6de30571]" started-at="2024-04-28T20:19:46 COT" name="masterTearDown" finished-at="2024-04-28T20:19:47 COT" duration-ms="513" status="PASS">
          <reporter-output>
          </reporter-output>
        </test-method> <!-- masterTearDown -->
        <test-method is-config="true" signature="masterSetUp()[pri:0, instance:automation.SauceDemoTests@6de30571]" started-at="2024-04-28T20:19:47 COT" name="masterSetUp" finished-at="2024-04-28T20:19:50 COT" duration-ms="3067" status="PASS">
          <reporter-output>
          </reporter-output>
        </test-method> <!-- masterSetUp -->
        <test-method signature="invalidUserTest()[pri:0, instance:automation.SauceDemoTests@6de30571]" started-at="2024-04-28T20:19:50 COT" name="invalidUserTest" finished-at="2024-04-28T20:19:52 COT" duration-ms="2322" status="PASS">
          <reporter-output>
          </reporter-output>
        </test-method> <!-- invalidUserTest -->
        <test-method is-config="true" signature="masterTearDown()[pri:0, instance:automation.SauceDemoTests@6de30571]" started-at="2024-04-28T20:19:52 COT" name="masterTearDown" finished-at="2024-04-28T20:19:53 COT" duration-ms="390" status="PASS">
          <reporter-output>
          </reporter-output>
        </test-method> <!-- masterTearDown -->
        <test-method is-config="true" signature="masterSetUp()[pri:0, instance:automation.SauceDemoTests@6de30571]" started-at="2024-04-28T20:19:53 COT" name="masterSetUp" finished-at="2024-04-28T20:19:55 COT" duration-ms="2793" status="PASS">
          <reporter-output>
          </reporter-output>
        </test-method> <!-- masterSetUp -->
        <test-method signature="itemDetailTest()[pri:0, instance:automation.SauceDemoTests@6de30571]" started-at="2024-04-28T20:19:55 COT" name="itemDetailTest" finished-at="2024-04-28T20:19:59 COT" duration-ms="3354" status="PASS">
          <reporter-output>
          </reporter-output>
        </test-method> <!-- itemDetailTest -->
        <test-method is-config="true" signature="masterTearDown()[pri:0, instance:automation.SauceDemoTests@6de30571]" started-at="2024-04-28T20:19:59 COT" name="masterTearDown" finished-at="2024-04-28T20:19:59 COT" duration-ms="347" status="PASS">
          <reporter-output>
          </reporter-output>
        </test-method> <!-- masterTearDown -->
        <test-method is-config="true" signature="masterSetUp()[pri:0, instance:automation.SauceDemoTests@6de30571]" started-at="2024-04-28T20:19:59 COT" name="masterSetUp" finished-at="2024-04-28T20:20:02 COT" duration-ms="2777" status="PASS">
          <reporter-output>
          </reporter-output>
        </test-method> <!-- masterSetUp -->
        <test-method signature="linkedinLinkTest()[pri:0, instance:automation.SauceDemoTests@6de30571]" started-at="2024-04-28T20:20:02 COT" name="linkedinLinkTest" finished-at="2024-04-28T20:20:05 COT" duration-ms="2834" status="PASS">
          <reporter-output>
          </reporter-output>
        </test-method> <!-- linkedinLinkTest -->
        <test-method is-config="true" signature="masterTearDown()[pri:0, instance:automation.SauceDemoTests@6de30571]" started-at="2024-04-28T20:20:05 COT" name="masterTearDown" finished-at="2024-04-28T20:20:05 COT" duration-ms="411" status="PASS">
          <reporter-output>
          </reporter-output>
        </test-method> <!-- masterTearDown -->
        <test-method is-config="true" signature="masterSetUp()[pri:0, instance:automation.SauceDemoTests@6de30571]" started-at="2024-04-28T20:20:05 COT" name="masterSetUp" finished-at="2024-04-28T20:20:08 COT" duration-ms="2960" status="PASS">
          <reporter-output>
          </reporter-output>
        </test-method> <!-- masterSetUp -->
        <test-method signature="logoutTest()[pri:0, instance:automation.SauceDemoTests@6de30571]" started-at="2024-04-28T20:20:08 COT" name="logoutTest" finished-at="2024-04-28T20:20:11 COT" duration-ms="2838" status="PASS">
          <reporter-output>
          </reporter-output>
        </test-method> <!-- logoutTest -->
        <test-method is-config="true" signature="masterTearDown()[pri:0, instance:automation.SauceDemoTests@6de30571]" started-at="2024-04-28T20:20:11 COT" name="masterTearDown" finished-at="2024-04-28T20:20:12 COT" duration-ms="487" status="PASS">
          <reporter-output>
          </reporter-output>
        </test-method> <!-- masterTearDown -->
        <test-method is-config="true" signature="masterSetUp()[pri:0, instance:automation.SauceDemoTests@6de30571]" started-at="2024-04-28T20:20:12 COT" name="masterSetUp" finished-at="2024-04-28T20:20:14 COT" duration-ms="2848" status="PASS">
          <reporter-output>
          </reporter-output>
        </test-method> <!-- masterSetUp -->
        <test-method signature="selectDescendingTest()[pri:0, instance:automation.SauceDemoTests@6de30571]" started-at="2024-04-28T20:20:14 COT" name="selectDescendingTest" finished-at="2024-04-28T20:20:17 COT" duration-ms="2972" status="PASS">
          <reporter-output>
          </reporter-output>
        </test-method> <!-- selectDescendingTest -->
        <test-method is-config="true" signature="masterTearDown()[pri:0, instance:automation.SauceDemoTests@6de30571]" started-at="2024-04-28T20:20:17 COT" name="masterTearDown" finished-at="2024-04-28T20:20:18 COT" duration-ms="409" status="PASS">
          <reporter-output>
          </reporter-output>
        </test-method> <!-- masterTearDown -->
        <test-method is-config="true" signature="masterSetUp()[pri:0, instance:automation.SauceDemoTests@6de30571]" started-at="2024-04-28T20:20:18 COT" name="masterSetUp" finished-at="2024-04-28T20:20:21 COT" duration-ms="2932" status="PASS">
          <reporter-output>
          </reporter-output>
        </test-method> <!-- masterSetUp -->
        <test-method signature="selectPriceTest()[pri:0, instance:automation.SauceDemoTests@6de30571]" started-at="2024-04-28T20:20:21 COT" name="selectPriceTest" finished-at="2024-04-28T20:20:24 COT" duration-ms="3145" status="PASS">
          <reporter-output>
          </reporter-output>
        </test-method> <!-- selectPriceTest -->
        <test-method is-config="true" signature="masterTearDown()[pri:0, instance:automation.SauceDemoTests@6de30571]" started-at="2024-04-28T20:20:24 COT" name="masterTearDown" finished-at="2024-04-28T20:20:24 COT" duration-ms="409" status="PASS">
          <reporter-output>
          </reporter-output>
        </test-method> <!-- masterTearDown -->
        <test-method is-config="true" signature="masterSetUp()[pri:0, instance:automation.SauceDemoTests@6de30571]" started-at="2024-04-28T20:20:24 COT" name="masterSetUp" finished-at="2024-04-28T20:20:27 COT" duration-ms="2980" status="PASS">
          <reporter-output>
          </reporter-output>
        </test-method> <!-- masterSetUp -->
        <test-method signature="validUserTest()[pri:0, instance:automation.SauceDemoTests@6de30571]" started-at="2024-04-28T20:20:27 COT" name="validUserTest" finished-at="2024-04-28T20:20:30 COT" duration-ms="2331" status="PASS">
          <reporter-output>
          </reporter-output>
        </test-method> <!-- validUserTest -->
        <test-method is-config="true" signature="masterTearDown()[pri:0, instance:automation.SauceDemoTests@6de30571]" started-at="2024-04-28T20:20:30 COT" name="masterTearDown" finished-at="2024-04-28T20:20:30 COT" duration-ms="579" status="PASS">
          <reporter-output>
          </reporter-output>
        </test-method> <!-- masterTearDown -->
      </class> <!-- automation.SauceDemoTests -->
    </test> <!-- Surefire test -->
  </suite> <!-- Surefire suite -->
</testng-results>
